<?xml version="1.0" encoding="UTF-8"?>
<!-- Generated by org.testng.reporters.JUnitReportReporter -->
<testsuite hostname="HP-PC" name="runner.LoginRunner" tests="1" failures="0" timestamp="5 Sep 2019 07:37:19 GMT" time="30.320" errors="0">
  <testcase name="runScenario" time="30.320" classname="runner.LoginRunner"/>
</testsuite> <!-- runner.LoginRunner -->
